ERROR - 2025-11-19 06:02:01 --> mysqli_sql_exception: Column 'nama' cannot be null in C:\xampp\htdocs\tokoapi\system\Database\MySQLi\Connection.php:327
Stack trace:
#0 C:\xampp\htdocs\tokoapi\system\Database\MySQLi\Connection.php(327): mysqli->query('INSERT INTO `me...', 0)
#1 C:\xampp\htdocs\tokoapi\system\Database\BaseConnection.php(729): CodeIgniter\Database\MySQLi\Connection->execute('INSERT INTO `me...')
#2 C:\xampp\htdocs\tokoapi\system\Database\BaseConnection.php(646): CodeIgniter\Database\BaseConnection->simpleQuery('INSERT INTO `me...')
#3 C:\xampp\htdocs\tokoapi\system\Database\BaseBuilder.php(2345): CodeIgniter\Database\BaseConnection->query('INSERT INTO `me...', Array, false)
#4 C:\xampp\htdocs\tokoapi\system\Model.php(394): CodeIgniter\Database\BaseBuilder->insert()
#5 C:\xampp\htdocs\tokoapi\system\BaseModel.php(838): CodeIgniter\Model->doInsert(Array)
#6 C:\xampp\htdocs\tokoapi\system\Model.php(797): CodeIgniter\BaseModel->insert(Array, false)
#7 C:\xampp\htdocs\tokoapi\system\BaseModel.php(751): CodeIgniter\Model->insert(Array, false)
#8 C:\xampp\htdocs\tokoapi\app\Controllers\RegistrasiController.php(27): CodeIgniter\BaseModel->save(Array)
#9 C:\xampp\htdocs\tokoapi\system\CodeIgniter.php(933): App\Controllers\RegistrasiController->registrasi()
#10 C:\xampp\htdocs\tokoapi\system\CodeIgniter.php(507): CodeIgniter\CodeIgniter->runController(Object(App\Controllers\RegistrasiController))
#11 C:\xampp\htdocs\tokoapi\system\CodeIgniter.php(354): CodeIgniter\CodeIgniter->handleRequest(NULL, Object(Config\Cache), false)
#12 C:\xampp\htdocs\tokoapi\system\Boot.php(363): CodeIgniter\CodeIgniter->run()
#13 C:\xampp\htdocs\tokoapi\system\Boot.php(68): CodeIgniter\Boot::runCodeIgniter(Object(CodeIgniter\CodeIgniter))
#14 C:\xampp\htdocs\tokoapi\public\index.php(59): CodeIgniter\Boot::bootWeb(Object(Config\Paths))
#15 {main}
ERROR - 2025-11-19 06:03:03 --> mysqli_sql_exception: Column 'nama' cannot be null in C:\xampp\htdocs\tokoapi\system\Database\MySQLi\Connection.php:327
Stack trace:
#0 C:\xampp\htdocs\tokoapi\system\Database\MySQLi\Connection.php(327): mysqli->query('INSERT INTO `me...', 0)
#1 C:\xampp\htdocs\tokoapi\system\Database\BaseConnection.php(729): CodeIgniter\Database\MySQLi\Connection->execute('INSERT INTO `me...')
#2 C:\xampp\htdocs\tokoapi\system\Database\BaseConnection.php(646): CodeIgniter\Database\BaseConnection->simpleQuery('INSERT INTO `me...')
#3 C:\xampp\htdocs\tokoapi\system\Database\BaseBuilder.php(2345): CodeIgniter\Database\BaseConnection->query('INSERT INTO `me...', Array, false)
#4 C:\xampp\htdocs\tokoapi\system\Model.php(394): CodeIgniter\Database\BaseBuilder->insert()
#5 C:\xampp\htdocs\tokoapi\system\BaseModel.php(838): CodeIgniter\Model->doInsert(Array)
#6 C:\xampp\htdocs\tokoapi\system\Model.php(797): CodeIgniter\BaseModel->insert(Array, false)
#7 C:\xampp\htdocs\tokoapi\system\BaseModel.php(751): CodeIgniter\Model->insert(Array, false)
#8 C:\xampp\htdocs\tokoapi\app\Controllers\RegistrasiController.php(27): CodeIgniter\BaseModel->save(Array)
#9 C:\xampp\htdocs\tokoapi\system\CodeIgniter.php(933): App\Controllers\RegistrasiController->registrasi()
#10 C:\xampp\htdocs\tokoapi\system\CodeIgniter.php(507): CodeIgniter\CodeIgniter->runController(Object(App\Controllers\RegistrasiController))
#11 C:\xampp\htdocs\tokoapi\system\CodeIgniter.php(354): CodeIgniter\CodeIgniter->handleRequest(NULL, Object(Config\Cache), false)
#12 C:\xampp\htdocs\tokoapi\system\Boot.php(363): CodeIgniter\CodeIgniter->run()
#13 C:\xampp\htdocs\tokoapi\system\Boot.php(68): CodeIgniter\Boot::runCodeIgniter(Object(CodeIgniter\CodeIgniter))
#14 C:\xampp\htdocs\tokoapi\public\index.php(59): CodeIgniter\Boot::bootWeb(Object(Config\Paths))
#15 {main}
