ERROR - 2025-11-24 10:43:31 --> Error connecting to the database: mysqli_sql_exception: Unknown database 'tokoapi' in C:\xampp\htdocs\tokoapi\system\Database\MySQLi\Connection.php:201
Stack trace:
#0 C:\xampp\htdocs\tokoapi\system\Database\MySQLi\Connection.php(201): mysqli->real_connect('localhost', 'root', Object(SensitiveParameterValue), 'tokoapi', 3306, '', 0)
#1 C:\xampp\htdocs\tokoapi\system\Database\BaseConnection.php(419): CodeIgniter\Database\MySQLi\Connection->connect(false)
#2 C:\xampp\htdocs\tokoapi\system\Database\BaseConnection.php(614): CodeIgniter\Database\BaseConnection->initialize()
#3 C:\xampp\htdocs\tokoapi\system\Database\BaseBuilder.php(2345): CodeIgniter\Database\BaseConnection->query('INSERT INTO `me...', Array, false)
#4 C:\xampp\htdocs\tokoapi\system\Model.php(394): CodeIgniter\Database\BaseBuilder->insert()
#5 C:\xampp\htdocs\tokoapi\system\BaseModel.php(838): CodeIgniter\Model->doInsert(Array)
#6 C:\xampp\htdocs\tokoapi\system\Model.php(797): CodeIgniter\BaseModel->insert(Array, false)
#7 C:\xampp\htdocs\tokoapi\system\BaseModel.php(751): CodeIgniter\Model->insert(Array, false)
#8 C:\xampp\htdocs\tokoapi\app\Controllers\RegistrasiController.php(33): CodeIgniter\BaseModel->save(Array)
#9 C:\xampp\htdocs\tokoapi\system\CodeIgniter.php(933): App\Controllers\RegistrasiController->registrasi()
#10 C:\xampp\htdocs\tokoapi\system\CodeIgniter.php(507): CodeIgniter\CodeIgniter->runController(Object(App\Controllers\RegistrasiController))
#11 C:\xampp\htdocs\tokoapi\system\CodeIgniter.php(354): CodeIgniter\CodeIgniter->handleRequest(NULL, Object(Config\Cache), false)
#12 C:\xampp\htdocs\tokoapi\system\Boot.php(363): CodeIgniter\CodeIgniter->run()
#13 C:\xampp\htdocs\tokoapi\system\Boot.php(68): CodeIgniter\Boot::runCodeIgniter(Object(CodeIgniter\CodeIgniter))
#14 C:\xampp\htdocs\tokoapi\public\index.php(59): CodeIgniter\Boot::bootWeb(Object(Config\Paths))
#15 C:\xampp\htdocs\tokoapi\system\rewrite.php(44): require_once('C:\\xampp\\htdocs...')
#16 {main}

Next CodeIgniter\Database\Exceptions\DatabaseException: Unknown database 'tokoapi' in C:\xampp\htdocs\tokoapi\system\Database\MySQLi\Connection.php:246
Stack trace:
#0 C:\xampp\htdocs\tokoapi\system\Database\BaseConnection.php(419): CodeIgniter\Database\MySQLi\Connection->connect(false)
#1 C:\xampp\htdocs\tokoapi\system\Database\BaseConnection.php(614): CodeIgniter\Database\BaseConnection->initialize()
#2 C:\xampp\htdocs\tokoapi\system\Database\BaseBuilder.php(2345): CodeIgniter\Database\BaseConnection->query('INSERT INTO `me...', Array, false)
#3 C:\xampp\htdocs\tokoapi\system\Model.php(394): CodeIgniter\Database\BaseBuilder->insert()
#4 C:\xampp\htdocs\tokoapi\system\BaseModel.php(838): CodeIgniter\Model->doInsert(Array)
#5 C:\xampp\htdocs\tokoapi\system\Model.php(797): CodeIgniter\BaseModel->insert(Array, false)
#6 C:\xampp\htdocs\tokoapi\system\BaseModel.php(751): CodeIgniter\Model->insert(Array, false)
#7 C:\xampp\htdocs\tokoapi\app\Controllers\RegistrasiController.php(33): CodeIgniter\BaseModel->save(Array)
#8 C:\xampp\htdocs\tokoapi\system\CodeIgniter.php(933): App\Controllers\RegistrasiController->registrasi()
#9 C:\xampp\htdocs\tokoapi\system\CodeIgniter.php(507): CodeIgniter\CodeIgniter->runController(Object(App\Controllers\RegistrasiController))
#10 C:\xampp\htdocs\tokoapi\system\CodeIgniter.php(354): CodeIgniter\CodeIgniter->handleRequest(NULL, Object(Config\Cache), false)
#11 C:\xampp\htdocs\tokoapi\system\Boot.php(363): CodeIgniter\CodeIgniter->run()
#12 C:\xampp\htdocs\tokoapi\system\Boot.php(68): CodeIgniter\Boot::runCodeIgniter(Object(CodeIgniter\CodeIgniter))
#13 C:\xampp\htdocs\tokoapi\public\index.php(59): CodeIgniter\Boot::bootWeb(Object(Config\Paths))
#14 C:\xampp\htdocs\tokoapi\system\rewrite.php(44): require_once('C:\\xampp\\htdocs...')
#15 {main}
CRITICAL - 2025-11-24 10:43:31 --> CodeIgniter\Database\Exceptions\DatabaseException: Unable to connect to the database.
Main connection [MySQLi]: Unknown database 'tokoapi'
[Method: POST, Route: registrasi]
in SYSTEMPATH\Database\BaseConnection.php on line 465.
 1 SYSTEMPATH\Database\BaseConnection.php(614): CodeIgniter\Database\BaseConnection->initialize()
 2 SYSTEMPATH\Database\BaseBuilder.php(2345): CodeIgniter\Database\BaseConnection->query('INSERT INTO `member` (`nama`, `email`, `password`) VALUES (:nama:, :email:, :password:)', [...], false)
 3 SYSTEMPATH\Model.php(394): CodeIgniter\Database\BaseBuilder->insert()
 4 SYSTEMPATH\BaseModel.php(838): CodeIgniter\Model->doInsert([...])
 5 SYSTEMPATH\Model.php(797): CodeIgniter\BaseModel->insert([...], false)
 6 SYSTEMPATH\BaseModel.php(751): CodeIgniter\Model->insert([...], false)
 7 APPPATH\Controllers\RegistrasiController.php(33): CodeIgniter\BaseModel->save([...])
 8 SYSTEMPATH\CodeIgniter.php(933): App\Controllers\RegistrasiController->registrasi()
 9 SYSTEMPATH\CodeIgniter.php(507): CodeIgniter\CodeIgniter->runController(Object(App\Controllers\RegistrasiController))
10 SYSTEMPATH\CodeIgniter.php(354): CodeIgniter\CodeIgniter->handleRequest(null, Object(Config\Cache), false)
11 SYSTEMPATH\Boot.php(363): CodeIgniter\CodeIgniter->run()
12 SYSTEMPATH\Boot.php(68): CodeIgniter\Boot::runCodeIgniter(Object(CodeIgniter\CodeIgniter))
13 FCPATH\index.php(59): CodeIgniter\Boot::bootWeb(Object(Config\Paths))
14 SYSTEMPATH\rewrite.php(44): require_once('C:\\xampp\\htdocs\\tokoapi\\public\\index.php')
ERROR - 2025-11-24 10:50:27 --> Error connecting to the database: mysqli_sql_exception: Unknown database 'tokoapi' in C:\xampp\htdocs\tokoapi\system\Database\MySQLi\Connection.php:201
Stack trace:
#0 C:\xampp\htdocs\tokoapi\system\Database\MySQLi\Connection.php(201): mysqli->real_connect('localhost', 'root', Object(SensitiveParameterValue), 'tokoapi', 3306, '', 0)
#1 C:\xampp\htdocs\tokoapi\system\Database\BaseConnection.php(419): CodeIgniter\Database\MySQLi\Connection->connect(false)
#2 C:\xampp\htdocs\tokoapi\system\Database\BaseConnection.php(614): CodeIgniter\Database\BaseConnection->initialize()
#3 C:\xampp\htdocs\tokoapi\system\Database\BaseBuilder.php(2345): CodeIgniter\Database\BaseConnection->query('INSERT INTO `me...', Array, false)
#4 C:\xampp\htdocs\tokoapi\system\Model.php(394): CodeIgniter\Database\BaseBuilder->insert()
#5 C:\xampp\htdocs\tokoapi\system\BaseModel.php(838): CodeIgniter\Model->doInsert(Array)
#6 C:\xampp\htdocs\tokoapi\system\Model.php(797): CodeIgniter\BaseModel->insert(Array, false)
#7 C:\xampp\htdocs\tokoapi\system\BaseModel.php(751): CodeIgniter\Model->insert(Array, false)
#8 C:\xampp\htdocs\tokoapi\app\Controllers\RegistrasiController.php(33): CodeIgniter\BaseModel->save(Array)
#9 C:\xampp\htdocs\tokoapi\system\CodeIgniter.php(933): App\Controllers\RegistrasiController->registrasi()
#10 C:\xampp\htdocs\tokoapi\system\CodeIgniter.php(507): CodeIgniter\CodeIgniter->runController(Object(App\Controllers\RegistrasiController))
#11 C:\xampp\htdocs\tokoapi\system\CodeIgniter.php(354): CodeIgniter\CodeIgniter->handleRequest(NULL, Object(Config\Cache), false)
#12 C:\xampp\htdocs\tokoapi\system\Boot.php(363): CodeIgniter\CodeIgniter->run()
#13 C:\xampp\htdocs\tokoapi\system\Boot.php(68): CodeIgniter\Boot::runCodeIgniter(Object(CodeIgniter\CodeIgniter))
#14 C:\xampp\htdocs\tokoapi\public\index.php(59): CodeIgniter\Boot::bootWeb(Object(Config\Paths))
#15 C:\xampp\htdocs\tokoapi\system\rewrite.php(44): require_once('C:\\xampp\\htdocs...')
#16 {main}

Next CodeIgniter\Database\Exceptions\DatabaseException: Unknown database 'tokoapi' in C:\xampp\htdocs\tokoapi\system\Database\MySQLi\Connection.php:246
Stack trace:
#0 C:\xampp\htdocs\tokoapi\system\Database\BaseConnection.php(419): CodeIgniter\Database\MySQLi\Connection->connect(false)
#1 C:\xampp\htdocs\tokoapi\system\Database\BaseConnection.php(614): CodeIgniter\Database\BaseConnection->initialize()
#2 C:\xampp\htdocs\tokoapi\system\Database\BaseBuilder.php(2345): CodeIgniter\Database\BaseConnection->query('INSERT INTO `me...', Array, false)
#3 C:\xampp\htdocs\tokoapi\system\Model.php(394): CodeIgniter\Database\BaseBuilder->insert()
#4 C:\xampp\htdocs\tokoapi\system\BaseModel.php(838): CodeIgniter\Model->doInsert(Array)
#5 C:\xampp\htdocs\tokoapi\system\Model.php(797): CodeIgniter\BaseModel->insert(Array, false)
#6 C:\xampp\htdocs\tokoapi\system\BaseModel.php(751): CodeIgniter\Model->insert(Array, false)
#7 C:\xampp\htdocs\tokoapi\app\Controllers\RegistrasiController.php(33): CodeIgniter\BaseModel->save(Array)
#8 C:\xampp\htdocs\tokoapi\system\CodeIgniter.php(933): App\Controllers\RegistrasiController->registrasi()
#9 C:\xampp\htdocs\tokoapi\system\CodeIgniter.php(507): CodeIgniter\CodeIgniter->runController(Object(App\Controllers\RegistrasiController))
#10 C:\xampp\htdocs\tokoapi\system\CodeIgniter.php(354): CodeIgniter\CodeIgniter->handleRequest(NULL, Object(Config\Cache), false)
#11 C:\xampp\htdocs\tokoapi\system\Boot.php(363): CodeIgniter\CodeIgniter->run()
#12 C:\xampp\htdocs\tokoapi\system\Boot.php(68): CodeIgniter\Boot::runCodeIgniter(Object(CodeIgniter\CodeIgniter))
#13 C:\xampp\htdocs\tokoapi\public\index.php(59): CodeIgniter\Boot::bootWeb(Object(Config\Paths))
#14 C:\xampp\htdocs\tokoapi\system\rewrite.php(44): require_once('C:\\xampp\\htdocs...')
#15 {main}
CRITICAL - 2025-11-24 10:50:27 --> CodeIgniter\Database\Exceptions\DatabaseException: Unable to connect to the database.
Main connection [MySQLi]: Unknown database 'tokoapi'
[Method: POST, Route: registrasi]
in SYSTEMPATH\Database\BaseConnection.php on line 465.
 1 SYSTEMPATH\Database\BaseConnection.php(614): CodeIgniter\Database\BaseConnection->initialize()
 2 SYSTEMPATH\Database\BaseBuilder.php(2345): CodeIgniter\Database\BaseConnection->query('INSERT INTO `member` (`nama`, `email`, `password`) VALUES (:nama:, :email:, :password:)', [...], false)
 3 SYSTEMPATH\Model.php(394): CodeIgniter\Database\BaseBuilder->insert()
 4 SYSTEMPATH\BaseModel.php(838): CodeIgniter\Model->doInsert([...])
 5 SYSTEMPATH\Model.php(797): CodeIgniter\BaseModel->insert([...], false)
 6 SYSTEMPATH\BaseModel.php(751): CodeIgniter\Model->insert([...], false)
 7 APPPATH\Controllers\RegistrasiController.php(33): CodeIgniter\BaseModel->save([...])
 8 SYSTEMPATH\CodeIgniter.php(933): App\Controllers\RegistrasiController->registrasi()
 9 SYSTEMPATH\CodeIgniter.php(507): CodeIgniter\CodeIgniter->runController(Object(App\Controllers\RegistrasiController))
10 SYSTEMPATH\CodeIgniter.php(354): CodeIgniter\CodeIgniter->handleRequest(null, Object(Config\Cache), false)
11 SYSTEMPATH\Boot.php(363): CodeIgniter\CodeIgniter->run()
12 SYSTEMPATH\Boot.php(68): CodeIgniter\Boot::runCodeIgniter(Object(CodeIgniter\CodeIgniter))
13 FCPATH\index.php(59): CodeIgniter\Boot::bootWeb(Object(Config\Paths))
14 SYSTEMPATH\rewrite.php(44): require_once('C:\\xampp\\htdocs\\tokoapi\\public\\index.php')
ERROR - 2025-11-24 11:06:05 --> Error connecting to the database: mysqli_sql_exception: Unknown database 'tokoapi' in C:\xampp\htdocs\tokoapi\system\Database\MySQLi\Connection.php:201
Stack trace:
#0 C:\xampp\htdocs\tokoapi\system\Database\MySQLi\Connection.php(201): mysqli->real_connect('localhost', 'root', Object(SensitiveParameterValue), 'tokoapi', 3306, '', 0)
#1 C:\xampp\htdocs\tokoapi\system\Database\BaseConnection.php(419): CodeIgniter\Database\MySQLi\Connection->connect(false)
#2 C:\xampp\htdocs\tokoapi\system\Database\BaseConnection.php(614): CodeIgniter\Database\BaseConnection->initialize()
#3 C:\xampp\htdocs\tokoapi\system\Database\BaseBuilder.php(2345): CodeIgniter\Database\BaseConnection->query('INSERT INTO `me...', Array, false)
#4 C:\xampp\htdocs\tokoapi\system\Model.php(394): CodeIgniter\Database\BaseBuilder->insert()
#5 C:\xampp\htdocs\tokoapi\system\BaseModel.php(838): CodeIgniter\Model->doInsert(Array)
#6 C:\xampp\htdocs\tokoapi\system\Model.php(797): CodeIgniter\BaseModel->insert(Array, false)
#7 C:\xampp\htdocs\tokoapi\system\BaseModel.php(751): CodeIgniter\Model->insert(Array, false)
#8 C:\xampp\htdocs\tokoapi\app\Controllers\RegistrasiController.php(33): CodeIgniter\BaseModel->save(Array)
#9 C:\xampp\htdocs\tokoapi\system\CodeIgniter.php(933): App\Controllers\RegistrasiController->registrasi()
#10 C:\xampp\htdocs\tokoapi\system\CodeIgniter.php(507): CodeIgniter\CodeIgniter->runController(Object(App\Controllers\RegistrasiController))
#11 C:\xampp\htdocs\tokoapi\system\CodeIgniter.php(354): CodeIgniter\CodeIgniter->handleRequest(NULL, Object(Config\Cache), false)
#12 C:\xampp\htdocs\tokoapi\system\Boot.php(363): CodeIgniter\CodeIgniter->run()
#13 C:\xampp\htdocs\tokoapi\system\Boot.php(68): CodeIgniter\Boot::runCodeIgniter(Object(CodeIgniter\CodeIgniter))
#14 C:\xampp\htdocs\tokoapi\public\index.php(59): CodeIgniter\Boot::bootWeb(Object(Config\Paths))
#15 C:\xampp\htdocs\tokoapi\system\rewrite.php(44): require_once('C:\\xampp\\htdocs...')
#16 {main}

Next CodeIgniter\Database\Exceptions\DatabaseException: Unknown database 'tokoapi' in C:\xampp\htdocs\tokoapi\system\Database\MySQLi\Connection.php:246
Stack trace:
#0 C:\xampp\htdocs\tokoapi\system\Database\BaseConnection.php(419): CodeIgniter\Database\MySQLi\Connection->connect(false)
#1 C:\xampp\htdocs\tokoapi\system\Database\BaseConnection.php(614): CodeIgniter\Database\BaseConnection->initialize()
#2 C:\xampp\htdocs\tokoapi\system\Database\BaseBuilder.php(2345): CodeIgniter\Database\BaseConnection->query('INSERT INTO `me...', Array, false)
#3 C:\xampp\htdocs\tokoapi\system\Model.php(394): CodeIgniter\Database\BaseBuilder->insert()
#4 C:\xampp\htdocs\tokoapi\system\BaseModel.php(838): CodeIgniter\Model->doInsert(Array)
#5 C:\xampp\htdocs\tokoapi\system\Model.php(797): CodeIgniter\BaseModel->insert(Array, false)
#6 C:\xampp\htdocs\tokoapi\system\BaseModel.php(751): CodeIgniter\Model->insert(Array, false)
#7 C:\xampp\htdocs\tokoapi\app\Controllers\RegistrasiController.php(33): CodeIgniter\BaseModel->save(Array)
#8 C:\xampp\htdocs\tokoapi\system\CodeIgniter.php(933): App\Controllers\RegistrasiController->registrasi()
#9 C:\xampp\htdocs\tokoapi\system\CodeIgniter.php(507): CodeIgniter\CodeIgniter->runController(Object(App\Controllers\RegistrasiController))
#10 C:\xampp\htdocs\tokoapi\system\CodeIgniter.php(354): CodeIgniter\CodeIgniter->handleRequest(NULL, Object(Config\Cache), false)
#11 C:\xampp\htdocs\tokoapi\system\Boot.php(363): CodeIgniter\CodeIgniter->run()
#12 C:\xampp\htdocs\tokoapi\system\Boot.php(68): CodeIgniter\Boot::runCodeIgniter(Object(CodeIgniter\CodeIgniter))
#13 C:\xampp\htdocs\tokoapi\public\index.php(59): CodeIgniter\Boot::bootWeb(Object(Config\Paths))
#14 C:\xampp\htdocs\tokoapi\system\rewrite.php(44): require_once('C:\\xampp\\htdocs...')
#15 {main}
CRITICAL - 2025-11-24 11:06:05 --> CodeIgniter\Database\Exceptions\DatabaseException: Unable to connect to the database.
Main connection [MySQLi]: Unknown database 'tokoapi'
[Method: POST, Route: registrasi]
in SYSTEMPATH\Database\BaseConnection.php on line 465.
 1 SYSTEMPATH\Database\BaseConnection.php(614): CodeIgniter\Database\BaseConnection->initialize()
 2 SYSTEMPATH\Database\BaseBuilder.php(2345): CodeIgniter\Database\BaseConnection->query('INSERT INTO `member` (`nama`, `email`, `password`) VALUES (:nama:, :email:, :password:)', [...], false)
 3 SYSTEMPATH\Model.php(394): CodeIgniter\Database\BaseBuilder->insert()
 4 SYSTEMPATH\BaseModel.php(838): CodeIgniter\Model->doInsert([...])
 5 SYSTEMPATH\Model.php(797): CodeIgniter\BaseModel->insert([...], false)
 6 SYSTEMPATH\BaseModel.php(751): CodeIgniter\Model->insert([...], false)
 7 APPPATH\Controllers\RegistrasiController.php(33): CodeIgniter\BaseModel->save([...])
 8 SYSTEMPATH\CodeIgniter.php(933): App\Controllers\RegistrasiController->registrasi()
 9 SYSTEMPATH\CodeIgniter.php(507): CodeIgniter\CodeIgniter->runController(Object(App\Controllers\RegistrasiController))
10 SYSTEMPATH\CodeIgniter.php(354): CodeIgniter\CodeIgniter->handleRequest(null, Object(Config\Cache), false)
11 SYSTEMPATH\Boot.php(363): CodeIgniter\CodeIgniter->run()
12 SYSTEMPATH\Boot.php(68): CodeIgniter\Boot::runCodeIgniter(Object(CodeIgniter\CodeIgniter))
13 FCPATH\index.php(59): CodeIgniter\Boot::bootWeb(Object(Config\Paths))
14 SYSTEMPATH\rewrite.php(44): require_once('C:\\xampp\\htdocs\\tokoapi\\public\\index.php')
ERROR - 2025-11-24 11:09:26 --> Error connecting to the database: mysqli_sql_exception: Unknown database 'tokoapi' in C:\xampp\htdocs\tokoapi\system\Database\MySQLi\Connection.php:201
Stack trace:
#0 C:\xampp\htdocs\tokoapi\system\Database\MySQLi\Connection.php(201): mysqli->real_connect('localhost', 'root', Object(SensitiveParameterValue), 'tokoapi', 3306, '', 0)
#1 C:\xampp\htdocs\tokoapi\system\Database\BaseConnection.php(419): CodeIgniter\Database\MySQLi\Connection->connect(false)
#2 C:\xampp\htdocs\tokoapi\system\Database\BaseConnection.php(614): CodeIgniter\Database\BaseConnection->initialize()
#3 C:\xampp\htdocs\tokoapi\system\Database\BaseBuilder.php(2345): CodeIgniter\Database\BaseConnection->query('INSERT INTO `me...', Array, false)
#4 C:\xampp\htdocs\tokoapi\system\Model.php(394): CodeIgniter\Database\BaseBuilder->insert()
#5 C:\xampp\htdocs\tokoapi\system\BaseModel.php(838): CodeIgniter\Model->doInsert(Array)
#6 C:\xampp\htdocs\tokoapi\system\Model.php(797): CodeIgniter\BaseModel->insert(Array, false)
#7 C:\xampp\htdocs\tokoapi\system\BaseModel.php(751): CodeIgniter\Model->insert(Array, false)
#8 C:\xampp\htdocs\tokoapi\app\Controllers\RegistrasiController.php(33): CodeIgniter\BaseModel->save(Array)
#9 C:\xampp\htdocs\tokoapi\system\CodeIgniter.php(933): App\Controllers\RegistrasiController->registrasi()
#10 C:\xampp\htdocs\tokoapi\system\CodeIgniter.php(507): CodeIgniter\CodeIgniter->runController(Object(App\Controllers\RegistrasiController))
#11 C:\xampp\htdocs\tokoapi\system\CodeIgniter.php(354): CodeIgniter\CodeIgniter->handleRequest(NULL, Object(Config\Cache), false)
#12 C:\xampp\htdocs\tokoapi\system\Boot.php(363): CodeIgniter\CodeIgniter->run()
#13 C:\xampp\htdocs\tokoapi\system\Boot.php(68): CodeIgniter\Boot::runCodeIgniter(Object(CodeIgniter\CodeIgniter))
#14 C:\xampp\htdocs\tokoapi\public\index.php(59): CodeIgniter\Boot::bootWeb(Object(Config\Paths))
#15 {main}

Next CodeIgniter\Database\Exceptions\DatabaseException: Unknown database 'tokoapi' in C:\xampp\htdocs\tokoapi\system\Database\MySQLi\Connection.php:246
Stack trace:
#0 C:\xampp\htdocs\tokoapi\system\Database\BaseConnection.php(419): CodeIgniter\Database\MySQLi\Connection->connect(false)
#1 C:\xampp\htdocs\tokoapi\system\Database\BaseConnection.php(614): CodeIgniter\Database\BaseConnection->initialize()
#2 C:\xampp\htdocs\tokoapi\system\Database\BaseBuilder.php(2345): CodeIgniter\Database\BaseConnection->query('INSERT INTO `me...', Array, false)
#3 C:\xampp\htdocs\tokoapi\system\Model.php(394): CodeIgniter\Database\BaseBuilder->insert()
#4 C:\xampp\htdocs\tokoapi\system\BaseModel.php(838): CodeIgniter\Model->doInsert(Array)
#5 C:\xampp\htdocs\tokoapi\system\Model.php(797): CodeIgniter\BaseModel->insert(Array, false)
#6 C:\xampp\htdocs\tokoapi\system\BaseModel.php(751): CodeIgniter\Model->insert(Array, false)
#7 C:\xampp\htdocs\tokoapi\app\Controllers\RegistrasiController.php(33): CodeIgniter\BaseModel->save(Array)
#8 C:\xampp\htdocs\tokoapi\system\CodeIgniter.php(933): App\Controllers\RegistrasiController->registrasi()
#9 C:\xampp\htdocs\tokoapi\system\CodeIgniter.php(507): CodeIgniter\CodeIgniter->runController(Object(App\Controllers\RegistrasiController))
#10 C:\xampp\htdocs\tokoapi\system\CodeIgniter.php(354): CodeIgniter\CodeIgniter->handleRequest(NULL, Object(Config\Cache), false)
#11 C:\xampp\htdocs\tokoapi\system\Boot.php(363): CodeIgniter\CodeIgniter->run()
#12 C:\xampp\htdocs\tokoapi\system\Boot.php(68): CodeIgniter\Boot::runCodeIgniter(Object(CodeIgniter\CodeIgniter))
#13 C:\xampp\htdocs\tokoapi\public\index.php(59): CodeIgniter\Boot::bootWeb(Object(Config\Paths))
#14 {main}
CRITICAL - 2025-11-24 11:09:26 --> CodeIgniter\Database\Exceptions\DatabaseException: Unable to connect to the database.
Main connection [MySQLi]: Unknown database 'tokoapi'
[Method: POST, Route: registrasi]
in SYSTEMPATH\Database\BaseConnection.php on line 465.
 1 SYSTEMPATH\Database\BaseConnection.php(614): CodeIgniter\Database\BaseConnection->initialize()
 2 SYSTEMPATH\Database\BaseBuilder.php(2345): CodeIgniter\Database\BaseConnection->query('INSERT INTO `member` (`nama`, `email`, `password`) VALUES (:nama:, :email:, :password:)', [...], false)
 3 SYSTEMPATH\Model.php(394): CodeIgniter\Database\BaseBuilder->insert()
 4 SYSTEMPATH\BaseModel.php(838): CodeIgniter\Model->doInsert([...])
 5 SYSTEMPATH\Model.php(797): CodeIgniter\BaseModel->insert([...], false)
 6 SYSTEMPATH\BaseModel.php(751): CodeIgniter\Model->insert([...], false)
 7 APPPATH\Controllers\RegistrasiController.php(33): CodeIgniter\BaseModel->save([...])
 8 SYSTEMPATH\CodeIgniter.php(933): App\Controllers\RegistrasiController->registrasi()
 9 SYSTEMPATH\CodeIgniter.php(507): CodeIgniter\CodeIgniter->runController(Object(App\Controllers\RegistrasiController))
10 SYSTEMPATH\CodeIgniter.php(354): CodeIgniter\CodeIgniter->handleRequest(null, Object(Config\Cache), false)
11 SYSTEMPATH\Boot.php(363): CodeIgniter\CodeIgniter->run()
12 SYSTEMPATH\Boot.php(68): CodeIgniter\Boot::runCodeIgniter(Object(CodeIgniter\CodeIgniter))
13 FCPATH\index.php(59): CodeIgniter\Boot::bootWeb(Object(Config\Paths))
ERROR - 2025-11-24 11:11:38 --> Error connecting to the database: mysqli_sql_exception: Unknown database 'toko_api' in C:\xampp\htdocs\tokoapi\system\Database\MySQLi\Connection.php:201
Stack trace:
#0 C:\xampp\htdocs\tokoapi\system\Database\MySQLi\Connection.php(201): mysqli->real_connect('localhost', 'root', Object(SensitiveParameterValue), 'toko_api', 3306, '', 0)
#1 C:\xampp\htdocs\tokoapi\system\Database\BaseConnection.php(419): CodeIgniter\Database\MySQLi\Connection->connect(false)
#2 C:\xampp\htdocs\tokoapi\system\Database\BaseConnection.php(614): CodeIgniter\Database\BaseConnection->initialize()
#3 C:\xampp\htdocs\tokoapi\system\Database\BaseBuilder.php(2345): CodeIgniter\Database\BaseConnection->query('INSERT INTO `me...', Array, false)
#4 C:\xampp\htdocs\tokoapi\system\Model.php(394): CodeIgniter\Database\BaseBuilder->insert()
#5 C:\xampp\htdocs\tokoapi\system\BaseModel.php(838): CodeIgniter\Model->doInsert(Array)
#6 C:\xampp\htdocs\tokoapi\system\Model.php(797): CodeIgniter\BaseModel->insert(Array, false)
#7 C:\xampp\htdocs\tokoapi\system\BaseModel.php(751): CodeIgniter\Model->insert(Array, false)
#8 C:\xampp\htdocs\tokoapi\app\Controllers\RegistrasiController.php(33): CodeIgniter\BaseModel->save(Array)
#9 C:\xampp\htdocs\tokoapi\system\CodeIgniter.php(933): App\Controllers\RegistrasiController->registrasi()
#10 C:\xampp\htdocs\tokoapi\system\CodeIgniter.php(507): CodeIgniter\CodeIgniter->runController(Object(App\Controllers\RegistrasiController))
#11 C:\xampp\htdocs\tokoapi\system\CodeIgniter.php(354): CodeIgniter\CodeIgniter->handleRequest(NULL, Object(Config\Cache), false)
#12 C:\xampp\htdocs\tokoapi\system\Boot.php(363): CodeIgniter\CodeIgniter->run()
#13 C:\xampp\htdocs\tokoapi\system\Boot.php(68): CodeIgniter\Boot::runCodeIgniter(Object(CodeIgniter\CodeIgniter))
#14 C:\xampp\htdocs\tokoapi\public\index.php(59): CodeIgniter\Boot::bootWeb(Object(Config\Paths))
#15 {main}

Next CodeIgniter\Database\Exceptions\DatabaseException: Unknown database 'toko_api' in C:\xampp\htdocs\tokoapi\system\Database\MySQLi\Connection.php:246
Stack trace:
#0 C:\xampp\htdocs\tokoapi\system\Database\BaseConnection.php(419): CodeIgniter\Database\MySQLi\Connection->connect(false)
#1 C:\xampp\htdocs\tokoapi\system\Database\BaseConnection.php(614): CodeIgniter\Database\BaseConnection->initialize()
#2 C:\xampp\htdocs\tokoapi\system\Database\BaseBuilder.php(2345): CodeIgniter\Database\BaseConnection->query('INSERT INTO `me...', Array, false)
#3 C:\xampp\htdocs\tokoapi\system\Model.php(394): CodeIgniter\Database\BaseBuilder->insert()
#4 C:\xampp\htdocs\tokoapi\system\BaseModel.php(838): CodeIgniter\Model->doInsert(Array)
#5 C:\xampp\htdocs\tokoapi\system\Model.php(797): CodeIgniter\BaseModel->insert(Array, false)
#6 C:\xampp\htdocs\tokoapi\system\BaseModel.php(751): CodeIgniter\Model->insert(Array, false)
#7 C:\xampp\htdocs\tokoapi\app\Controllers\RegistrasiController.php(33): CodeIgniter\BaseModel->save(Array)
#8 C:\xampp\htdocs\tokoapi\system\CodeIgniter.php(933): App\Controllers\RegistrasiController->registrasi()
#9 C:\xampp\htdocs\tokoapi\system\CodeIgniter.php(507): CodeIgniter\CodeIgniter->runController(Object(App\Controllers\RegistrasiController))
#10 C:\xampp\htdocs\tokoapi\system\CodeIgniter.php(354): CodeIgniter\CodeIgniter->handleRequest(NULL, Object(Config\Cache), false)
#11 C:\xampp\htdocs\tokoapi\system\Boot.php(363): CodeIgniter\CodeIgniter->run()
#12 C:\xampp\htdocs\tokoapi\system\Boot.php(68): CodeIgniter\Boot::runCodeIgniter(Object(CodeIgniter\CodeIgniter))
#13 C:\xampp\htdocs\tokoapi\public\index.php(59): CodeIgniter\Boot::bootWeb(Object(Config\Paths))
#14 {main}
CRITICAL - 2025-11-24 11:11:38 --> CodeIgniter\Database\Exceptions\DatabaseException: Unable to connect to the database.
Main connection [MySQLi]: Unknown database 'toko_api'
[Method: POST, Route: registrasi]
in SYSTEMPATH\Database\BaseConnection.php on line 465.
 1 SYSTEMPATH\Database\BaseConnection.php(614): CodeIgniter\Database\BaseConnection->initialize()
 2 SYSTEMPATH\Database\BaseBuilder.php(2345): CodeIgniter\Database\BaseConnection->query('INSERT INTO `member` (`nama`, `email`, `password`) VALUES (:nama:, :email:, :password:)', [...], false)
 3 SYSTEMPATH\Model.php(394): CodeIgniter\Database\BaseBuilder->insert()
 4 SYSTEMPATH\BaseModel.php(838): CodeIgniter\Model->doInsert([...])
 5 SYSTEMPATH\Model.php(797): CodeIgniter\BaseModel->insert([...], false)
 6 SYSTEMPATH\BaseModel.php(751): CodeIgniter\Model->insert([...], false)
 7 APPPATH\Controllers\RegistrasiController.php(33): CodeIgniter\BaseModel->save([...])
 8 SYSTEMPATH\CodeIgniter.php(933): App\Controllers\RegistrasiController->registrasi()
 9 SYSTEMPATH\CodeIgniter.php(507): CodeIgniter\CodeIgniter->runController(Object(App\Controllers\RegistrasiController))
10 SYSTEMPATH\CodeIgniter.php(354): CodeIgniter\CodeIgniter->handleRequest(null, Object(Config\Cache), false)
11 SYSTEMPATH\Boot.php(363): CodeIgniter\CodeIgniter->run()
12 SYSTEMPATH\Boot.php(68): CodeIgniter\Boot::runCodeIgniter(Object(CodeIgniter\CodeIgniter))
13 FCPATH\index.php(59): CodeIgniter\Boot::bootWeb(Object(Config\Paths))
ERROR - 2025-11-24 11:57:21 --> Error connecting to the database: mysqli_sql_exception: Unknown database 'toko_api' in C:\xampp\htdocs\tokoapi\system\Database\MySQLi\Connection.php:201
Stack trace:
#0 C:\xampp\htdocs\tokoapi\system\Database\MySQLi\Connection.php(201): mysqli->real_connect('localhost', 'root', Object(SensitiveParameterValue), 'toko_api', 3306, '', 0)
#1 C:\xampp\htdocs\tokoapi\system\Database\BaseConnection.php(419): CodeIgniter\Database\MySQLi\Connection->connect(false)
#2 C:\xampp\htdocs\tokoapi\system\Database\BaseConnection.php(614): CodeIgniter\Database\BaseConnection->initialize()
#3 C:\xampp\htdocs\tokoapi\system\Database\BaseBuilder.php(2345): CodeIgniter\Database\BaseConnection->query('INSERT INTO `me...', Array, false)
#4 C:\xampp\htdocs\tokoapi\system\Model.php(394): CodeIgniter\Database\BaseBuilder->insert()
#5 C:\xampp\htdocs\tokoapi\system\BaseModel.php(838): CodeIgniter\Model->doInsert(Array)
#6 C:\xampp\htdocs\tokoapi\system\Model.php(797): CodeIgniter\BaseModel->insert(Array, false)
#7 C:\xampp\htdocs\tokoapi\system\BaseModel.php(751): CodeIgniter\Model->insert(Array, false)
#8 C:\xampp\htdocs\tokoapi\app\Controllers\RegistrasiController.php(33): CodeIgniter\BaseModel->save(Array)
#9 C:\xampp\htdocs\tokoapi\system\CodeIgniter.php(933): App\Controllers\RegistrasiController->registrasi()
#10 C:\xampp\htdocs\tokoapi\system\CodeIgniter.php(507): CodeIgniter\CodeIgniter->runController(Object(App\Controllers\RegistrasiController))
#11 C:\xampp\htdocs\tokoapi\system\CodeIgniter.php(354): CodeIgniter\CodeIgniter->handleRequest(NULL, Object(Config\Cache), false)
#12 C:\xampp\htdocs\tokoapi\system\Boot.php(363): CodeIgniter\CodeIgniter->run()
#13 C:\xampp\htdocs\tokoapi\system\Boot.php(68): CodeIgniter\Boot::runCodeIgniter(Object(CodeIgniter\CodeIgniter))
#14 C:\xampp\htdocs\tokoapi\public\index.php(59): CodeIgniter\Boot::bootWeb(Object(Config\Paths))
#15 {main}

Next CodeIgniter\Database\Exceptions\DatabaseException: Unknown database 'toko_api' in C:\xampp\htdocs\tokoapi\system\Database\MySQLi\Connection.php:246
Stack trace:
#0 C:\xampp\htdocs\tokoapi\system\Database\BaseConnection.php(419): CodeIgniter\Database\MySQLi\Connection->connect(false)
#1 C:\xampp\htdocs\tokoapi\system\Database\BaseConnection.php(614): CodeIgniter\Database\BaseConnection->initialize()
#2 C:\xampp\htdocs\tokoapi\system\Database\BaseBuilder.php(2345): CodeIgniter\Database\BaseConnection->query('INSERT INTO `me...', Array, false)
#3 C:\xampp\htdocs\tokoapi\system\Model.php(394): CodeIgniter\Database\BaseBuilder->insert()
#4 C:\xampp\htdocs\tokoapi\system\BaseModel.php(838): CodeIgniter\Model->doInsert(Array)
#5 C:\xampp\htdocs\tokoapi\system\Model.php(797): CodeIgniter\BaseModel->insert(Array, false)
#6 C:\xampp\htdocs\tokoapi\system\BaseModel.php(751): CodeIgniter\Model->insert(Array, false)
#7 C:\xampp\htdocs\tokoapi\app\Controllers\RegistrasiController.php(33): CodeIgniter\BaseModel->save(Array)
#8 C:\xampp\htdocs\tokoapi\system\CodeIgniter.php(933): App\Controllers\RegistrasiController->registrasi()
#9 C:\xampp\htdocs\tokoapi\system\CodeIgniter.php(507): CodeIgniter\CodeIgniter->runController(Object(App\Controllers\RegistrasiController))
#10 C:\xampp\htdocs\tokoapi\system\CodeIgniter.php(354): CodeIgniter\CodeIgniter->handleRequest(NULL, Object(Config\Cache), false)
#11 C:\xampp\htdocs\tokoapi\system\Boot.php(363): CodeIgniter\CodeIgniter->run()
#12 C:\xampp\htdocs\tokoapi\system\Boot.php(68): CodeIgniter\Boot::runCodeIgniter(Object(CodeIgniter\CodeIgniter))
#13 C:\xampp\htdocs\tokoapi\public\index.php(59): CodeIgniter\Boot::bootWeb(Object(Config\Paths))
#14 {main}
CRITICAL - 2025-11-24 11:57:21 --> CodeIgniter\Database\Exceptions\DatabaseException: Unable to connect to the database.
Main connection [MySQLi]: Unknown database 'toko_api'
[Method: POST, Route: registrasi]
in SYSTEMPATH\Database\BaseConnection.php on line 465.
 1 SYSTEMPATH\Database\BaseConnection.php(614): CodeIgniter\Database\BaseConnection->initialize()
 2 SYSTEMPATH\Database\BaseBuilder.php(2345): CodeIgniter\Database\BaseConnection->query('INSERT INTO `member` (`nama`, `email`, `password`) VALUES (:nama:, :email:, :password:)', [...], false)
 3 SYSTEMPATH\Model.php(394): CodeIgniter\Database\BaseBuilder->insert()
 4 SYSTEMPATH\BaseModel.php(838): CodeIgniter\Model->doInsert([...])
 5 SYSTEMPATH\Model.php(797): CodeIgniter\BaseModel->insert([...], false)
 6 SYSTEMPATH\BaseModel.php(751): CodeIgniter\Model->insert([...], false)
 7 APPPATH\Controllers\RegistrasiController.php(33): CodeIgniter\BaseModel->save([...])
 8 SYSTEMPATH\CodeIgniter.php(933): App\Controllers\RegistrasiController->registrasi()
 9 SYSTEMPATH\CodeIgniter.php(507): CodeIgniter\CodeIgniter->runController(Object(App\Controllers\RegistrasiController))
10 SYSTEMPATH\CodeIgniter.php(354): CodeIgniter\CodeIgniter->handleRequest(null, Object(Config\Cache), false)
11 SYSTEMPATH\Boot.php(363): CodeIgniter\CodeIgniter->run()
12 SYSTEMPATH\Boot.php(68): CodeIgniter\Boot::runCodeIgniter(Object(CodeIgniter\CodeIgniter))
13 FCPATH\index.php(59): CodeIgniter\Boot::bootWeb(Object(Config\Paths))
ERROR - 2025-11-24 12:06:44 --> Error connecting to the database: mysqli_sql_exception: Unknown database 'toko_api' in C:\xampp\htdocs\tokoapi\system\Database\MySQLi\Connection.php:201
Stack trace:
#0 C:\xampp\htdocs\tokoapi\system\Database\MySQLi\Connection.php(201): mysqli->real_connect('localhost', 'root', Object(SensitiveParameterValue), 'toko_api', 3306, '', 0)
#1 C:\xampp\htdocs\tokoapi\system\Database\BaseConnection.php(419): CodeIgniter\Database\MySQLi\Connection->connect(false)
#2 C:\xampp\htdocs\tokoapi\system\Database\BaseConnection.php(614): CodeIgniter\Database\BaseConnection->initialize()
#3 C:\xampp\htdocs\tokoapi\system\Database\BaseBuilder.php(2345): CodeIgniter\Database\BaseConnection->query('INSERT INTO `me...', Array, false)
#4 C:\xampp\htdocs\tokoapi\system\Model.php(394): CodeIgniter\Database\BaseBuilder->insert()
#5 C:\xampp\htdocs\tokoapi\system\BaseModel.php(838): CodeIgniter\Model->doInsert(Array)
#6 C:\xampp\htdocs\tokoapi\system\Model.php(797): CodeIgniter\BaseModel->insert(Array, false)
#7 C:\xampp\htdocs\tokoapi\system\BaseModel.php(751): CodeIgniter\Model->insert(Array, false)
#8 C:\xampp\htdocs\tokoapi\app\Controllers\RegistrasiController.php(33): CodeIgniter\BaseModel->save(Array)
#9 C:\xampp\htdocs\tokoapi\system\CodeIgniter.php(933): App\Controllers\RegistrasiController->registrasi()
#10 C:\xampp\htdocs\tokoapi\system\CodeIgniter.php(507): CodeIgniter\CodeIgniter->runController(Object(App\Controllers\RegistrasiController))
#11 C:\xampp\htdocs\tokoapi\system\CodeIgniter.php(354): CodeIgniter\CodeIgniter->handleRequest(NULL, Object(Config\Cache), false)
#12 C:\xampp\htdocs\tokoapi\system\Boot.php(363): CodeIgniter\CodeIgniter->run()
#13 C:\xampp\htdocs\tokoapi\system\Boot.php(68): CodeIgniter\Boot::runCodeIgniter(Object(CodeIgniter\CodeIgniter))
#14 C:\xampp\htdocs\tokoapi\public\index.php(59): CodeIgniter\Boot::bootWeb(Object(Config\Paths))
#15 {main}

Next CodeIgniter\Database\Exceptions\DatabaseException: Unknown database 'toko_api' in C:\xampp\htdocs\tokoapi\system\Database\MySQLi\Connection.php:246
Stack trace:
#0 C:\xampp\htdocs\tokoapi\system\Database\BaseConnection.php(419): CodeIgniter\Database\MySQLi\Connection->connect(false)
#1 C:\xampp\htdocs\tokoapi\system\Database\BaseConnection.php(614): CodeIgniter\Database\BaseConnection->initialize()
#2 C:\xampp\htdocs\tokoapi\system\Database\BaseBuilder.php(2345): CodeIgniter\Database\BaseConnection->query('INSERT INTO `me...', Array, false)
#3 C:\xampp\htdocs\tokoapi\system\Model.php(394): CodeIgniter\Database\BaseBuilder->insert()
#4 C:\xampp\htdocs\tokoapi\system\BaseModel.php(838): CodeIgniter\Model->doInsert(Array)
#5 C:\xampp\htdocs\tokoapi\system\Model.php(797): CodeIgniter\BaseModel->insert(Array, false)
#6 C:\xampp\htdocs\tokoapi\system\BaseModel.php(751): CodeIgniter\Model->insert(Array, false)
#7 C:\xampp\htdocs\tokoapi\app\Controllers\RegistrasiController.php(33): CodeIgniter\BaseModel->save(Array)
#8 C:\xampp\htdocs\tokoapi\system\CodeIgniter.php(933): App\Controllers\RegistrasiController->registrasi()
#9 C:\xampp\htdocs\tokoapi\system\CodeIgniter.php(507): CodeIgniter\CodeIgniter->runController(Object(App\Controllers\RegistrasiController))
#10 C:\xampp\htdocs\tokoapi\system\CodeIgniter.php(354): CodeIgniter\CodeIgniter->handleRequest(NULL, Object(Config\Cache), false)
#11 C:\xampp\htdocs\tokoapi\system\Boot.php(363): CodeIgniter\CodeIgniter->run()
#12 C:\xampp\htdocs\tokoapi\system\Boot.php(68): CodeIgniter\Boot::runCodeIgniter(Object(CodeIgniter\CodeIgniter))
#13 C:\xampp\htdocs\tokoapi\public\index.php(59): CodeIgniter\Boot::bootWeb(Object(Config\Paths))
#14 {main}
CRITICAL - 2025-11-24 12:06:44 --> CodeIgniter\Database\Exceptions\DatabaseException: Unable to connect to the database.
Main connection [MySQLi]: Unknown database 'toko_api'
[Method: POST, Route: registrasi]
in SYSTEMPATH\Database\BaseConnection.php on line 465.
 1 SYSTEMPATH\Database\BaseConnection.php(614): CodeIgniter\Database\BaseConnection->initialize()
 2 SYSTEMPATH\Database\BaseBuilder.php(2345): CodeIgniter\Database\BaseConnection->query('INSERT INTO `member` (`nama`, `email`, `password`) VALUES (:nama:, :email:, :password:)', [...], false)
 3 SYSTEMPATH\Model.php(394): CodeIgniter\Database\BaseBuilder->insert()
 4 SYSTEMPATH\BaseModel.php(838): CodeIgniter\Model->doInsert([...])
 5 SYSTEMPATH\Model.php(797): CodeIgniter\BaseModel->insert([...], false)
 6 SYSTEMPATH\BaseModel.php(751): CodeIgniter\Model->insert([...], false)
 7 APPPATH\Controllers\RegistrasiController.php(33): CodeIgniter\BaseModel->save([...])
 8 SYSTEMPATH\CodeIgniter.php(933): App\Controllers\RegistrasiController->registrasi()
 9 SYSTEMPATH\CodeIgniter.php(507): CodeIgniter\CodeIgniter->runController(Object(App\Controllers\RegistrasiController))
10 SYSTEMPATH\CodeIgniter.php(354): CodeIgniter\CodeIgniter->handleRequest(null, Object(Config\Cache), false)
11 SYSTEMPATH\Boot.php(363): CodeIgniter\CodeIgniter->run()
12 SYSTEMPATH\Boot.php(68): CodeIgniter\Boot::runCodeIgniter(Object(CodeIgniter\CodeIgniter))
13 FCPATH\index.php(59): CodeIgniter\Boot::bootWeb(Object(Config\Paths))
